
05/11/2017 23:49:45 PagSeguro.Checkout[info]: Begin
05/11/2017 23:49:45 PagSeguro.Checkout[info]: POST: https://ws.sandbox.pagseguro.uol.com.br/v2/checkout?email=financeiro%40taromancia.com.br&token=A7496A83A92448169E9923D64A34B52E
05/11/2017 23:49:45 PagSeguro.Checkout[info]: Params: {"reference":"LIBPHP000001","redirectURL":"http:\/\/www.lojamodelo.com.br","notificationURL":"http:\/\/www.lojamodelo.com.br\/nofitication","currency":"BRL","itemId1":"0001","itemDescription1":"Notebook prata","itemQuantity1":2,"itemAmount1":"130.00","itemId2":"0002","itemDescription2":"Notebook preto","itemQuantity2":2,"itemAmount2":"430.00","senderName":"Jo\u00e3o Comprador","senderEmail":"email@comprador.com.br","senderAreaCode":11,"senderPhone":"(**) 5627-****","senderCPF":"310.***.***-**","shippingType":2,"shippingCost":"20.00","shippingAddressStreet":"Av. Brig. Faria Lima","shippingAddressNumber":"1384","shippingAddressComplement":"apto. 114","shippingAddressCity":"S\u00e3o Paulo","shippingAddressState":"SP","shippingAddressDistrict":"Jardim Paulistano","shippingAddressPostalCode":"01452002","shippingAddressCountry":"BRA","itemId3":"0003","itemDescription3":"Notebook Rosa","itemQuantity3":"1","itemAmount3":"201.40"}
05/11/2017 23:49:46 PagSeguro.Session[error]: Unauthorized
05/11/2017 23:56:05 PagSeguro.Checkout[info]: Begin
05/11/2017 23:56:05 PagSeguro.Checkout[info]: POST: https://ws.sandbox.pagseguro.uol.com.br/v2/checkout?email=tiagozn%40gmail.com&token=DA411D213040408C8F632F29931571BF
05/11/2017 23:56:05 PagSeguro.Checkout[info]: Params: {"reference":"LIBPHP000001","redirectURL":"http:\/\/www.lojamodelo.com.br","notificationURL":"http:\/\/www.lojamodelo.com.br\/nofitication","currency":"BRL","itemId1":"0001","itemDescription1":"Notebook prata","itemQuantity1":2,"itemAmount1":"130.00","itemId2":"0002","itemDescription2":"Notebook preto","itemQuantity2":2,"itemAmount2":"430.00","senderName":"Jo\u00e3o Comprador","senderEmail":"email@comprador.com.br","senderAreaCode":11,"senderPhone":"(**) 5627-****","senderCPF":"310.***.***-**","shippingType":2,"shippingCost":"20.00","shippingAddressStreet":"Av. Brig. Faria Lima","shippingAddressNumber":"1384","shippingAddressComplement":"apto. 114","shippingAddressCity":"S\u00e3o Paulo","shippingAddressState":"SP","shippingAddressDistrict":"Jardim Paulistano","shippingAddressPostalCode":"01452002","shippingAddressCountry":"BRA","itemId3":"0003","itemDescription3":"Notebook Rosa","itemQuantity3":"1","itemAmount3":"201.40"}
05/11/2017 23:56:06 PagSeguro.Checkout[info]: Code: EDFE3C2B19198531145FEFB4CE1283EA
05/11/2017 23:58:55 PagSeguro.Checkout[info]: Begin
05/11/2017 23:58:55 PagSeguro.Checkout[info]: POST: https://ws.sandbox.pagseguro.uol.com.br/v2/checkout?email=tiagozn%40gmail.com&token=DA411D213040408C8F632F29931571BF
05/11/2017 23:58:55 PagSeguro.Checkout[info]: Params: {"reference":"LIBPHP000001","redirectURL":"http:\/\/www.lojamodelo.com.br","notificationURL":"http:\/\/www.lojamodelo.com.br\/nofitication","currency":"BRL","itemId1":"0001","itemDescription1":"Notebook prata","itemQuantity1":2,"itemAmount1":"130.00","itemId2":"0002","itemDescription2":"Notebook preto","itemQuantity2":2,"itemAmount2":"430.00","senderName":"Jo\u00e3o Comprador","senderEmail":"email@comprador.com.br","senderAreaCode":11,"senderPhone":"(**) 5627-****","shippingType":2,"shippingCost":"20.00","shippingAddressStreet":"Av. Brig. Faria Lima","shippingAddressNumber":"1384","shippingAddressComplement":"apto. 114","shippingAddressCity":"S\u00e3o Paulo","shippingAddressState":"SP","shippingAddressDistrict":"Jardim Paulistano","shippingAddressPostalCode":"01452002","shippingAddressCountry":"BRA","itemId3":"0003","itemDescription3":"Notebook Rosa","itemQuantity3":"1","itemAmount3":"201.40"}
05/11/2017 23:58:55 PagSeguro.Checkout[info]: Code: 81E35E095959182AA41ABFA452CDDC51
06/11/2017 00:57:42 PagSeguro.Checkout[info]: Begin
06/11/2017 00:57:42 PagSeguro.Checkout[info]: POST: https://ws.sandbox.pagseguro.uol.com.br/v2/checkout?email=tiagozn%40gmail.com&token=DA411D213040408C8F632F29931571BF
06/11/2017 00:57:42 PagSeguro.Checkout[info]: Params: {"reference":"LIBPHP000001","redirectURL":"http:\/\/www.lojamodelo.com.br","notificationURL":"http:\/\/www.lojamodelo.com.br\/nofitication","currency":"BRL","itemId1":"0001","itemDescription1":"Notebook prata","itemQuantity1":2,"itemAmount1":"130.00","itemId2":"0002","itemDescription2":"Notebook preto","itemQuantity2":2,"itemAmount2":"430.00","senderName":"Jo\u00e3o Comprador","senderEmail":"email@comprador.com.br","senderAreaCode":11,"senderPhone":"(**) 5627-****","shippingAddressRequired":"FALSE","itemId3":"0003","itemDescription3":"Notebook Rosa","itemQuantity3":"1","itemAmount3":"201.40"}
06/11/2017 00:57:43 PagSeguro.Checkout[info]: Code: 5917AC679999604884CD7FA06AD35317
06/11/2017 00:59:02 PagSeguro.Checkout[info]: Begin
06/11/2017 00:59:02 PagSeguro.Checkout[info]: POST: https://ws.sandbox.pagseguro.uol.com.br/v2/checkout?email=tiagozn%40gmail.com&token=DA411D213040408C8F632F29931571BF
06/11/2017 00:59:02 PagSeguro.Checkout[info]: Params: {"reference":"LIBPHP000001","redirectURL":"http:\/\/www.lojamodelo.com.br","currency":"BRL","senderName":"Jo\u00e3o Comprador","senderEmail":"email@comprador.com.br","senderAreaCode":11,"senderPhone":"(**) 5627-****","shippingAddressRequired":"FALSE","itemId1":"0003","itemDescription1":"Notebook Rosa","itemQuantity1":"1","itemAmount1":"201.40"}
06/11/2017 00:59:02 PagSeguro.Checkout[info]: Code: 8FF07398E7E74F7EE4D41F95CBD3CF5D
06/11/2017 00:59:28 PagSeguro.Checkout[info]: Begin
06/11/2017 00:59:28 PagSeguro.Checkout[info]: POST: https://ws.sandbox.pagseguro.uol.com.br/v2/checkout?email=tiagozn%40gmail.com&token=DA411D213040408C8F632F29931571BF
06/11/2017 00:59:28 PagSeguro.Checkout[info]: Params: {"reference":"LIBPHP000001","redirectURL":"http:\/\/www.lojamodelo.com.br","notificationURL":"http:\/\/www.lojamodelo.com.br\/nofitication","currency":"BRL","itemId1":"0001","itemDescription1":"Notebook prata","itemQuantity1":2,"itemAmount1":"130.00","itemId2":"0002","itemDescription2":"Notebook preto","itemQuantity2":2,"itemAmount2":"430.00","senderName":"Jo\u00e3o Comprador","senderEmail":"email@comprador.com.br","senderAreaCode":11,"senderPhone":"(**) 5627-****","shippingAddressRequired":"FALSE","itemId3":"0003","itemDescription3":"Notebook Rosa","itemQuantity3":"1","itemAmount3":"201.40"}
06/11/2017 00:59:28 PagSeguro.Checkout[info]: Code: F6604BEADEDED2C444AB8FBF2D316E74
06/11/2017 01:00:01 PagSeguro.Checkout[info]: Begin
06/11/2017 01:00:01 PagSeguro.Checkout[info]: POST: https://ws.sandbox.pagseguro.uol.com.br/v2/checkout?email=tiagozn%40gmail.com&token=DA411D213040408C8F632F29931571BF
06/11/2017 01:00:01 PagSeguro.Checkout[info]: Params: {"reference":"LIBPHP000001","redirectURL":"http:\/\/www.lojamodelo.com.br","notificationURL":"http:\/\/www.lojamodelo.com.br\/nofitication","currency":"BRL","itemId1":"0001","itemDescription1":"Notebook prata","itemQuantity1":2,"itemAmount1":"130.00","itemId2":"0002","itemDescription2":"Notebook preto","itemQuantity2":2,"itemAmount2":"430.00","senderName":"Jo\u00e3o Comprador","senderEmail":"email@comprador.com.br","senderAreaCode":11,"senderPhone":"(**) 5627-****","shippingAddressRequired":"FALSE"}
06/11/2017 01:00:01 PagSeguro.Checkout[info]: Code: 76BDFE4A7F7FC62884F1AFA12D94490E
06/11/2017 01:00:15 PagSeguro.Checkout[info]: Begin
06/11/2017 01:00:15 PagSeguro.Checkout[info]: POST: https://ws.sandbox.pagseguro.uol.com.br/v2/checkout?email=tiagozn%40gmail.com&token=DA411D213040408C8F632F29931571BF
06/11/2017 01:00:15 PagSeguro.Checkout[info]: Params: {"reference":"LIBPHP000001","redirectURL":"http:\/\/www.lojamodelo.com.br","notificationURL":"http:\/\/www.lojamodelo.com.br\/nofitication","currency":"BRL","itemId1":"0001","itemDescription1":"Notebook prata","itemQuantity1":2,"itemAmount1":"130.00","senderName":"Jo\u00e3o Comprador","senderEmail":"email@comprador.com.br","senderAreaCode":11,"senderPhone":"(**) 5627-****","shippingAddressRequired":"FALSE"}
06/11/2017 01:00:15 PagSeguro.Checkout[info]: Code: ADA570F24040EF1554F40FA062AD5F01
06/11/2017 01:00:31 PagSeguro.Checkout[info]: Begin
06/11/2017 01:00:31 PagSeguro.Checkout[info]: POST: https://ws.sandbox.pagseguro.uol.com.br/v2/checkout?email=tiagozn%40gmail.com&token=DA411D213040408C8F632F29931571BF
06/11/2017 01:00:31 PagSeguro.Checkout[info]: Params: {"reference":"LIBPHP000001","redirectURL":"http:\/\/www.lojamodelo.com.br","notificationURL":"http:\/\/www.lojamodelo.com.br\/nofitication","currency":"BRL","itemId1":"0001","itemDescription1":"Notebook prata","itemQuantity1":2,"itemAmount1":"130.00","senderName":"Jo\u00e3o Comprador","senderEmail":"email@comprador.com.br","senderAreaCode":11,"senderPhone":"(**) 5627-****","shippingAddressRequired":"FALSE"}
06/11/2017 01:00:31 PagSeguro.Checkout[info]: Code: EB43A1564949214554ECAFA0A1992235
06/11/2017 01:00:35 PagSeguro.Checkout[info]: Begin
06/11/2017 01:00:36 PagSeguro.Checkout[info]: POST: https://ws.sandbox.pagseguro.uol.com.br/v2/checkout?email=tiagozn%40gmail.com&token=DA411D213040408C8F632F29931571BF
06/11/2017 01:00:36 PagSeguro.Checkout[info]: Params: {"reference":"LIBPHP000001","currency":"BRL","itemId1":"0001","itemDescription1":"Notebook prata","itemQuantity1":2,"itemAmount1":"130.00","senderName":"Jo\u00e3o Comprador","senderEmail":"email@comprador.com.br","senderAreaCode":11,"senderPhone":"(**) 5627-****","shippingAddressRequired":"FALSE"}
06/11/2017 01:00:36 PagSeguro.Checkout[info]: Code: FE0614B2676788D8847C8FB8B8AA2AC4
06/11/2017 01:01:45 PagSeguro.Checkout[info]: Begin
06/11/2017 01:01:45 PagSeguro.Checkout[info]: POST: https://ws.sandbox.pagseguro.uol.com.br/v2/checkout?email=tiagozn%40gmail.com&token=DA411D213040408C8F632F29931571BF
06/11/2017 01:01:45 PagSeguro.Checkout[info]: Params: {"reference":"LIBPHP000001","currency":"BRL","itemId1":"0001","itemDescription1":"Jogo de Tarot - Taromancia","itemQuantity1":1,"itemAmount1":"11.44","senderName":"Jo\u00e3o Comprador","senderEmail":"email@comprador.com.br","senderAreaCode":11,"senderPhone":"(**) 5627-****","shippingAddressRequired":"FALSE"}
06/11/2017 01:01:46 PagSeguro.Checkout[info]: Code: 0DF7F2987676667BB40D4F81BEC552B4
06/11/2017 01:02:30 PagSeguro.Checkout[info]: Begin
06/11/2017 01:02:30 PagSeguro.Checkout[info]: POST: https://ws.sandbox.pagseguro.uol.com.br/v2/checkout?email=tiagozn%40gmail.com&token=DA411D213040408C8F632F29931571BF
06/11/2017 01:02:30 PagSeguro.Checkout[info]: Params: {"reference":"PED000002","currency":"BRL","itemId1":"0001","itemDescription1":"Jogo de Tarot - Taromancia","itemQuantity1":1,"itemAmount1":"11.44","senderName":"Jo\u00e3o Comprador","senderEmail":"email@comprador.com.br","senderAreaCode":11,"senderPhone":"(**) 5627-****","shippingAddressRequired":"FALSE"}
06/11/2017 01:02:30 PagSeguro.Checkout[info]: Code: BC38E8C8C0C02B9FF4627F82F3FD769B
06/11/2017 01:03:11 PagSeguro.Checkout[info]: Begin
06/11/2017 01:03:11 PagSeguro.Checkout[info]: POST: https://ws.sandbox.pagseguro.uol.com.br/v2/checkout?email=tiagozn%40gmail.com&token=DA411D213040408C8F632F29931571BF
06/11/2017 01:03:11 PagSeguro.Checkout[info]: Params: {"reference":"PED000002","currency":"BRL","itemId1":"0001","itemDescription1":"Jogo de Tarot - Taromancia","itemQuantity1":1,"itemAmount1":"11.44","senderName":"tiago oliveira","senderEmail":"tiagozn@gmail_old.com","senderAreaCode":"11","senderPhone":"(**) 2291-****","shippingAddressRequired":"FALSE"}
06/11/2017 01:03:12 PagSeguro.Checkout[info]: Code: 5DECF6F53939C3911411DFB4856C0DD6
06/11/2017 01:05:23 PagSeguro.Checkout[info]: Begin
06/11/2017 01:05:23 PagSeguro.Checkout[info]: POST: https://ws.sandbox.pagseguro.uol.com.br/v2/checkout?email=tiagozn%40gmail.com&token=DA411D213040408C8F632F29931571BF
06/11/2017 01:05:23 PagSeguro.Checkout[info]: Params: {"reference":"PED000002","currency":"BRL","itemId1":"0001","itemDescription1":"Jogo de Tarot - Taromancia","itemQuantity1":1,"itemAmount1":"11.44","senderName":"tiago oliveira","senderEmail":"tiagozn@gmail_old.com","senderAreaCode":"11","senderPhone":"(**) 2291-****","shippingAddressRequired":"FALSE"}
06/11/2017 01:05:24 PagSeguro.Checkout[info]: Code: 62DA6D1957579910041A0F8908BA7327
06/11/2017 01:06:23 PagSeguro.Checkout[info]: Begin
06/11/2017 01:06:23 PagSeguro.Checkout[info]: POST: https://ws.sandbox.pagseguro.uol.com.br/v2/checkout?email=tiagozn%40gmail.com&token=DA411D213040408C8F632F29931571BF
06/11/2017 01:06:23 PagSeguro.Checkout[info]: Params: {"reference":"PED000002","currency":"BRL","itemId1":"0001","itemDescription1":"Jogo de Tarot - Taromancia","itemQuantity1":1,"itemAmount1":"11.44","senderName":"tiago oliveira","senderEmail":"tiagozn@gmail_old.com","senderAreaCode":"11","senderPhone":"(**) 2291-****","shippingAddressRequired":"FALSE"}
06/11/2017 01:06:24 PagSeguro.Checkout[info]: Code: 4C955B77D5D5B86554DD0FB46E180FB1
06/11/2017 01:09:08 PagSeguro.Checkout[info]: Begin
06/11/2017 01:09:08 PagSeguro.Checkout[info]: POST: https://ws.sandbox.pagseguro.uol.com.br/v2/checkout?email=tiagozn%40gmail.com&token=DA411D213040408C8F632F29931571BF
06/11/2017 01:09:08 PagSeguro.Checkout[info]: Params: {"reference":"PED000002","currency":"BRL","itemId1":"0001","itemDescription1":"Jogo de Tarot - Taromancia","itemQuantity1":1,"itemAmount1":"11.44","senderName":"tiago oliveira","senderEmail":"tiagozn@gmail_old.com","senderAreaCode":"11","senderPhone":"(**) 2291-****","shippingAddressRequired":"FALSE"}
06/11/2017 01:09:09 PagSeguro.Checkout[info]: Code: D050D6DCA9A9A46EE4E95FA4EE8CB34F
06/11/2017 01:09:59 PagSeguro.Checkout[info]: Begin
06/11/2017 01:09:59 PagSeguro.Checkout[info]: POST: https://ws.sandbox.pagseguro.uol.com.br/v2/checkout?email=tiagozn%40gmail.com&token=DA411D213040408C8F632F29931571BF
06/11/2017 01:09:59 PagSeguro.Checkout[info]: Params: {"reference":"PED000002","currency":"BRL","itemId1":"0001","itemDescription1":"Jogo de Tarot - Taromancia","itemQuantity1":1,"itemAmount1":"11.44","senderName":"tiago oliveira","senderEmail":"tiagozn@gmail_old.com","senderAreaCode":"11","senderPhone":"(**) 2291-****","shippingAddressRequired":"FALSE"}
06/11/2017 01:10:00 PagSeguro.Checkout[info]: Code: 9751754FBDBDCE72244EEF820C89B0F9
06/11/2017 01:10:27 PagSeguro.Checkout[info]: Begin
06/11/2017 01:10:27 PagSeguro.Checkout[info]: POST: https://ws.sandbox.pagseguro.uol.com.br/v2/checkout?email=tiagozn%40gmail.com&token=DA411D213040408C8F632F29931571BF
06/11/2017 01:10:27 PagSeguro.Checkout[info]: Params: {"reference":"PED000002","currency":"BRL","itemId1":"0001","itemDescription1":"Jogo de Tarot - Taromancia","itemQuantity1":1,"itemAmount1":"11.44","senderName":"tiago oliveira","senderEmail":"tiagozn@gmail_old.com","senderAreaCode":"11","senderPhone":"(**) 2291-****","shippingAddressRequired":"FALSE"}
06/11/2017 01:10:27 PagSeguro.Checkout[info]: Code: 03426D73B1B1380AA46FCF9B5D4640D8
06/11/2017 01:10:41 PagSeguro.Checkout[info]: Begin
06/11/2017 01:10:42 PagSeguro.Checkout[info]: POST: https://ws.sandbox.pagseguro.uol.com.br/v2/checkout?email=tiagozn%40gmail.com&token=DA411D213040408C8F632F29931571BF
06/11/2017 01:10:42 PagSeguro.Checkout[info]: Params: {"reference":"PED000002","currency":"BRL","itemId1":"0001","itemDescription1":"Jogo de Tarot - Taromancia","itemQuantity1":1,"itemAmount1":"11.44","senderName":"tiago oliveira","senderEmail":"tiagozn@gmail_old.com","senderAreaCode":"11","senderPhone":"(**) 2291-****","shippingAddressRequired":"FALSE"}
06/11/2017 01:10:42 PagSeguro.Checkout[info]: Code: 3D3FCE4B7474446884C33F99E0690C6A
06/11/2017 01:11:05 PagSeguro.Checkout[info]: Begin
06/11/2017 01:11:05 PagSeguro.Checkout[info]: POST: https://ws.sandbox.pagseguro.uol.com.br/v2/checkout?email=tiagozn%40gmail.com&token=DA411D213040408C8F632F29931571BF
06/11/2017 01:11:05 PagSeguro.Checkout[info]: Params: {"reference":"PED000002","currency":"BRL","itemId1":"0001","itemDescription1":"Jogo de Tarot - Taromancia","itemQuantity1":1,"itemAmount1":"11.44","senderName":"tiago oliveira","senderEmail":"tiagozn@gmail_old.com","senderAreaCode":"11","senderPhone":"(**) 2291-****","shippingAddressRequired":"FALSE"}
06/11/2017 01:11:05 PagSeguro.Checkout[info]: Code: 975C51A1A1A1091444BB9FB0D6A6A0AF
06/11/2017 01:11:08 PagSeguro.Checkout[info]: Begin
06/11/2017 01:11:08 PagSeguro.Checkout[info]: POST: https://ws.sandbox.pagseguro.uol.com.br/v2/checkout?email=tiagozn%40gmail.com&token=DA411D213040408C8F632F29931571BF
06/11/2017 01:11:08 PagSeguro.Checkout[info]: Params: {"reference":"PED000002","currency":"BRL","itemId1":"0001","itemDescription1":"Jogo de Tarot - Taromancia","itemQuantity1":1,"itemAmount1":"11.44","senderName":"tiago oliveira","senderEmail":"tiagozn@gmail_old.com","senderAreaCode":"11","senderPhone":"(**) 2291-****","shippingAddressRequired":"FALSE"}
06/11/2017 01:11:08 PagSeguro.Checkout[info]: Code: A393DCABB8B86B9664A33F9F9EC407AA
06/11/2017 01:14:22 PagSeguro.Checkout[info]: Begin
06/11/2017 01:14:22 PagSeguro.Checkout[info]: POST: https://ws.sandbox.pagseguro.uol.com.br/v2/checkout?email=tiagozn%40gmail.com&token=DA411D213040408C8F632F29931571BF
06/11/2017 01:14:22 PagSeguro.Checkout[info]: Params: {"reference":"PED000002","currency":"BRL","itemId1":"0001","itemDescription1":"Jogo de Tarot - Taromancia","itemQuantity1":1,"itemAmount1":"11.44","senderName":"tiago oliveira","senderEmail":"tiagozn@gmail_old.com","senderAreaCode":"11","senderPhone":"(**) 2291-****","shippingAddressRequired":"FALSE"}
06/11/2017 01:14:22 PagSeguro.Checkout[info]: Code: 9922594EDFDFEA8224652F8B496FD464
06/11/2017 01:15:57 PagSeguro.Checkout[info]: Begin
06/11/2017 01:15:57 PagSeguro.Checkout[info]: POST: https://ws.sandbox.pagseguro.uol.com.br/v2/checkout?email=tiagozn%40gmail.com&token=DA411D213040408C8F632F29931571BF
06/11/2017 01:15:57 PagSeguro.Checkout[info]: Params: {"reference":"PED000002","currency":"BRL","itemId1":"0001","itemDescription1":"Jogo de Tarot - Taromancia","itemQuantity1":1,"itemAmount1":"11.44","senderName":"tiago oliveira","senderEmail":"tiagozn@gmail_old.com","senderAreaCode":"11","senderPhone":"(**) 2291-****","shippingAddressRequired":"FALSE"}
06/11/2017 01:15:57 PagSeguro.Checkout[info]: Code: 0CBB75504C4C8C04448E7F9A7B122A21
06/11/2017 01:20:10 PagSeguro.Checkout[info]: Begin
06/11/2017 01:20:10 PagSeguro.Checkout[info]: POST: https://ws.sandbox.pagseguro.uol.com.br/v2/checkout?email=tiagozn%40gmail.com&token=DA411D213040408C8F632F29931571BF
06/11/2017 01:20:10 PagSeguro.Checkout[info]: Params: {"reference":"PED000002","currency":"BRL","itemId1":"0001","itemDescription1":"Jogo de Tarot - Taromancia","itemQuantity1":1,"itemAmount1":"11.44","senderName":"tiago oliveira","senderEmail":"tiagozn@gmail_old.com","senderAreaCode":"11","senderPhone":"(**) 2291-****","shippingAddressRequired":"FALSE"}
06/11/2017 01:20:10 PagSeguro.Checkout[info]: Code: EA1E1D78A3A3CD0DD4F08FAC30EE3A2D
06/11/2017 01:21:26 PagSeguro.Checkout[info]: Begin
06/11/2017 01:21:26 PagSeguro.Checkout[info]: POST: https://ws.sandbox.pagseguro.uol.com.br/v2/checkout?email=tiagozn%40gmail.com&token=DA411D213040408C8F632F29931571BF
06/11/2017 01:21:26 PagSeguro.Checkout[info]: Params: {"reference":"PED000002","currency":"BRL","itemId1":"0001","itemDescription1":"Jogo de Tarot - Taromancia","itemQuantity1":1,"itemAmount1":"11.44","senderName":"tiago oliveira","senderEmail":"tiagozn@gmail_old.com","senderAreaCode":"11","senderPhone":"(**) 2291-****","shippingAddressRequired":"FALSE"}
06/11/2017 01:21:27 PagSeguro.Checkout[info]: Code: 1358CD982C2CB17BB4E17F923A69933C
06/11/2017 01:26:05 PagSeguro.Checkout[info]: Begin
06/11/2017 01:26:05 PagSeguro.Checkout[info]: POST: https://ws.pagseguro.uol.com.br/v2/checkout?email=financeiro%40taromancia.com.br&token=A7496A83A92448169E9923D64A34B52E
06/11/2017 01:26:05 PagSeguro.Checkout[info]: Params: {"reference":"PED000002","currency":"BRL","itemId1":"0001","itemDescription1":"Jogo de Tarot - Taromancia","itemQuantity1":1,"itemAmount1":"11.44","senderName":"tiago oliveira","senderEmail":"tiagozn@gmail_old.com","senderAreaCode":"11","senderPhone":"(**) 2291-****","shippingAddressRequired":"FALSE"}
06/11/2017 01:26:05 PagSeguro.Checkout[info]: Code: 5416EDE8C6C6114444096F96EB025244